bookstore_video1.mp4
nexus_video0.mp4
bookstore_video5.mp4
bookstore_video0.mp4
hyang_video5.mp4
hyang_video10.mp4
hyang_video12.mp4
coupa_video3.mp4
bookstore_video4.mp4
deathCircle_video1.mp4
nexus_video5.mp4
hyang_video8.mp4
deathCircle_video2.mp4
nexus_video10.mp4
hyang_video1.mp4
bookstore_video2.mp4
nexus_video8.mp4
nexus_video9.mp4
quad_video0.mp4
gates_video2.mp4
deathCircle_video3.mp4
hyang_video0.mp4
gates_video5.mp4
coupa_video0.mp4
nexus_video11.mp4
gates_video0.mp4
hyang_video14.mp4
gates_video6.mp4
nexus_video1.mp4
quad_video1.mp4
quad_video3.mp4
little_video0.mp4
coupa_video2.mp4
nexus_video6.mp4
nexus_video2.mp4
deathCircle_video0.mp4
